info it worked if it ends with ok
verbose cli [ 'node', '/usr/bin/npm', 'install', '-d' ]
info using npm@1.1.24
info using node@v0.6.19
verbose /usr/bin/node node symlink
verbose config file /home/matteo/.npmrc
verbose config file /usr/etc/npmrc
verbose config file /usr/lib/nodejs/npm/npmrc
ERR! Couldn't read dependencies.
ERR! Error: ENOENT, open '/home/matteo/Scrivania/node/my/appjs/examples/package.json'
ERR! You may report this log at:
ERR!     <http://github.com/isaacs/npm/issues>
ERR! or email it to:
ERR!     <npm-@googlegroups.com>
ERR! 
ERR! System Linux 3.2.0-25-generic
ERR! command "node" "/usr/bin/npm" "install" "-d"
ERR! cwd /home/matteo/Scrivania/node/my/appjs/examples
ERR! node -v v0.6.19
ERR! npm -v 1.1.24
ERR! path /home/matteo/Scrivania/node/my/appjs/examples/package.json
ERR! code ENOENT
ERR! message ENOENT, open '/home/matteo/Scrivania/node/my/appjs/examples/package.json'
ERR! errno {}
verbose exit [ 1, true ]
